{"F:\\freeCodeCampWorkSpace\\votingappvue\\client\\src\\App.vue": {"path":"F:\\freeCodeCampWorkSpace\\votingappvue\\client\\src\\App.vue","statementMap":{"0":{"start":{"line":21,"column":0},"end":{"line":null,"column":-1}},"1":{"start":{"line":22,"column":0},"end":{"line":null,"column":-1}},"2":{"start":{"line":27,"column":0},"end":{"line":null,"column":-1}},"3":{"start":{"line":33,"column":0},"end":{"line":null,"column":-1}},"4":{"start":{"line":34,"column":0},"end":{"line":null,"column":-1}},"5":{"start":{"line":37,"column":0},"end":{"line":null,"column":-1}},"6":{"start":{"line":41,"column":0},"end":{"line":null,"column":-1}},"7":{"start":{"line":43,"column":0},"end":{"line":null,"column":-1}},"8":{"start":{"line":44,"column":0},"end":{"line":null,"column":-1}},"9":{"start":{"line":45,"column":0},"end":{"line":null,"column":-1}},"10":{"start":{"line":46,"column":0},"end":{"line":null,"column":-1}},"11":{"start":{"line":48,"column":0},"end":{"line":null,"column":-1}},"12":{"start":{"line":53,"column":0},"end":{"line":null,"column":-1}}},"fnMap":{"0":{"name":"data","decl":{"start":{"line":26,"column":0},"end":{"line":null,"column":-1}},"loc":{"start":{"line":26,"column":0},"end":{"line":30,"column":0}}},"1":{"name":"toggleDrawer","decl":{"start":{"line":32,"column":0},"end":{"line":null,"column":-1}},"loc":{"start":{"line":32,"column":0},"end":{"line":35,"column":0}}},"2":{"name":"goHome","decl":{"start":{"line":36,"column":0},"end":{"line":null,"column":-1}},"loc":{"start":{"line":36,"column":0},"end":{"line":40,"column":0}}},"3":{"name":"getPolls","decl":{"start":{"line":41,"column":0},"end":{"line":null,"column":-1}},"loc":{"start":{"line":41,"column":0},"end":{"line":50,"column":0}}},"4":{"name":"mounted","decl":{"start":{"line":52,"column":0},"end":{"line":null,"column":-1}},"loc":{"start":{"line":52,"column":0},"end":{"line":54,"column":0}}}},"branchMap":{"0":{"loc":{"start":{"line":41,"column":0},"end":{"line":null,"column":-1}},"type":"switch","locations":[{"start":{"line":41,"column":0},"end":{"line":null,"column":-1}},{"start":{"line":41,"column":0},"end":{"line":null,"column":-1}},{"start":{"line":41,"column":0},"end":{"line":48,"column":0}},{"start":{"line":41,"column":0},"end":{"line":null,"column":-1}},{"start":{"line":41,"column":0},"end":{"line":null,"column":-1}}]},"1":{"loc":{"start":{"line":48,"column":0},"end":{"line":null,"column":-1}},"type":"binary-expr","locations":[{"start":{"line":48,"column":0},"end":{"line":null,"column":-1}},{"start":{"line":48,"column":0},"end":{"line":null,"column":-1}}]}},"s":{"0":0,"1":0,"2":0,"3":0,"4":0,"5":0,"6":0,"7":0,"8":0,"9":0,"10":0,"11":0,"12":0},"f":{"0":0,"1":0,"2":0,"3":0,"4":0},"b":{"0":[0,0,0,0,0],"1":[0,0]}}
,"F:\\freeCodeCampWorkSpace\\votingappvue\\client\\src\\analytics.js": {"path":"F:\\freeCodeCampWorkSpace\\votingappvue\\client\\src\\analytics.js","statementMap":{"0":{"start":{"line":1,"column":0},"end":{"line":null,"column":-1}},"1":{"start":{"line":2,"column":0},"end":{"line":null,"column":-1}},"2":{"start":{"line":3,"column":0},"end":{"line":null,"column":-1}},"3":{"start":{"line":5,"column":0},"end":{"line":null,"column":-1}},"4":{"start":{"line":6,"column":0},"end":{"line":null,"column":-1}}},"fnMap":{},"branchMap":{},"s":{"0":0,"1":0,"2":0,"3":0,"4":0},"f":{},"b":{}}
,"F:\\freeCodeCampWorkSpace\\votingappvue\\client\\src\\localStorage.js": {"path":"F:\\freeCodeCampWorkSpace\\votingappvue\\client\\src\\localStorage.js","statementMap":{"0":{"start":{"line":1,"column":13},"end":{"line":1,"column":7}},"1":{"start":{"line":3,"column":13},"end":{"line":3,"column":7}},"2":{"start":{"line":4,"column":2},"end":{"line":9,"column":3}},"3":{"start":{"line":5,"column":18},"end":{"line":5,"column":4}},"4":{"start":{"line":6,"column":4},"end":{"line":null,"column":-1}},"5":{"start":{"line":8,"column":4},"end":{"line":null,"column":-1}},"6":{"start":{"line":12,"column":13},"end":{"line":12,"column":7}},"7":{"start":{"line":13,"column":21},"end":{"line":13,"column":2}},"8":{"start":{"line":14,"column":16},"end":{"line":14,"column":2}},"9":{"start":{"line":15,"column":2},"end":{"line":null,"column":-1}}},"fnMap":{"0":{"name":"loadUserStorage","decl":{"start":{"line":3,"column":13},"end":{"line":3,"column":31}},"loc":{"start":{"line":3,"column":37},"end":{"line":3,"column":7}}},"1":{"name":"saveUserStorage","decl":{"start":{"line":12,"column":13},"end":{"line":12,"column":31}},"loc":{"start":{"line":12,"column":39},"end":{"line":12,"column":7}}}},"branchMap":{"0":{"loc":{"start":{"line":13,"column":28},"end":{"line":13,"column":21}},"type":"cond-expr","locations":[{"start":{"line":13,"column":28},"end":{"line":13,"column":21}},{"start":{"line":13,"column":48},"end":{"line":13,"column":2}}]},"1":{"loc":{"start":{"line":14,"column":23},"end":{"line":14,"column":16}},"type":"cond-expr","locations":[{"start":{"line":14,"column":23},"end":{"line":14,"column":16}},{"start":{"line":14,"column":38},"end":{"line":14,"column":2}}]},"2":{"loc":{"start":{"line":16,"column":6},"end":{"line":15,"column":2}},"type":"cond-expr","locations":[{"start":{"line":16,"column":6},"end":{"line":15,"column":2}},{"start":{"line":20,"column":6},"end":{"line":15,"column":2}}]},"3":{"loc":{"start":{"line":15,"column":2},"end":{"line":15,"column":17}},"type":"binary-expr","locations":[{"start":{"line":15,"column":2},"end":{"line":15,"column":17}},{"start":{"line":15,"column":18},"end":{"line":15,"column":2}}]}},"s":{"0":0,"1":0,"2":0,"3":0,"4":0,"5":0,"6":0,"7":0,"8":0,"9":0},"f":{"0":0,"1":0},"b":{"0":[0,0],"1":[0,0],"2":[0,0],"3":[0,0]}}
,"F:\\freeCodeCampWorkSpace\\votingappvue\\client\\src\\components\\Header.vue": {"path":"F:\\freeCodeCampWorkSpace\\votingappvue\\client\\src\\components\\Header.vue","statementMap":{"0":{"start":{"line":37,"column":0},"end":{"line":null,"column":-1}},"1":{"start":{"line":42,"column":0},"end":{"line":null,"column":-1}},"2":{"start":{"line":45,"column":0},"end":{"line":null,"column":-1}},"3":{"start":{"line":49,"column":0},"end":{"line":null,"column":-1}},"4":{"start":{"line":50,"column":0},"end":{"line":66,"column":0}},"5":{"start":{"line":51,"column":0},"end":{"line":60,"column":0}},"6":{"start":{"line":67,"column":0},"end":{"line":78,"column":0}},"7":{"start":{"line":88,"column":0},"end":{"line":null,"column":-1}},"8":{"start":{"line":91,"column":0},"end":{"line":null,"column":-1}},"9":{"start":{"line":97,"column":0},"end":{"line":null,"column":-1}},"10":{"start":{"line":98,"column":0},"end":{"line":null,"column":-1}},"11":{"start":{"line":99,"column":0},"end":{"line":null,"column":-1}}},"fnMap":{"0":{"name":"data","decl":{"start":{"line":41,"column":0},"end":{"line":null,"column":-1}},"loc":{"start":{"line":41,"column":0},"end":{"line":43,"column":0}}},"1":{"name":"mounted","decl":{"start":{"line":44,"column":0},"end":{"line":null,"column":-1}},"loc":{"start":{"line":44,"column":0},"end":{"line":46,"column":0}}},"2":{"name":"items","decl":{"start":{"line":48,"column":0},"end":{"line":null,"column":-1}},"loc":{"start":{"line":48,"column":0},"end":{"line":85,"column":0}}},"3":{"name":"get","decl":{"start":{"line":87,"column":0},"end":{"line":null,"column":-1}},"loc":{"start":{"line":87,"column":0},"end":{"line":89,"column":0}}},"4":{"name":"set","decl":{"start":{"line":90,"column":0},"end":{"line":null,"column":-1}},"loc":{"start":{"line":90,"column":0},"end":{"line":92,"column":0}}},"5":{"name":"logout","decl":{"start":{"line":96,"column":0},"end":{"line":null,"column":-1}},"loc":{"start":{"line":96,"column":0},"end":{"line":100,"column":0}}}},"branchMap":{"0":{"loc":{"start":{"line":50,"column":0},"end":{"line":66,"column":0}},"type":"if","locations":[{"start":{"line":50,"column":0},"end":{"line":66,"column":0}},{"start":{"line":50,"column":0},"end":{"line":66,"column":0}}]}},"s":{"0":0,"1":0,"2":0,"3":0,"4":0,"5":0,"6":0,"7":0,"8":0,"9":0,"10":0,"11":0},"f":{"0":0,"1":0,"2":0,"3":0,"4":0,"5":0},"b":{"0":[0,0]}}
,"F:\\freeCodeCampWorkSpace\\votingappvue\\client\\src\\components\\Login.vue": {"path":"F:\\freeCodeCampWorkSpace\\votingappvue\\client\\src\\components\\Login.vue","statementMap":{"0":{"start":{"line":78,"column":0},"end":{"line":null,"column":-1}},"1":{"start":{"line":79,"column":0},"end":{"line":null,"column":-1}},"2":{"start":{"line":84,"column":0},"end":{"line":null,"column":-1}},"3":{"start":{"line":87,"column":0},"end":{"line":null,"column":-1}},"4":{"start":{"line":89,"column":0},"end":{"line":null,"column":-1}},"5":{"start":{"line":90,"column":0},"end":{"line":null,"column":-1}},"6":{"start":{"line":91,"column":0},"end":{"line":null,"column":-1}},"7":{"start":{"line":92,"column":0},"end":{"line":null,"column":-1}},"8":{"start":{"line":93,"column":0},"end":{"line":null,"column":-1}},"9":{"start":{"line":95,"column":0},"end":{"line":null,"column":-1}},"10":{"start":{"line":96,"column":0},"end":{"line":100,"column":0}},"11":{"start":{"line":97,"column":0},"end":{"line":null,"column":-1}},"12":{"start":{"line":99,"column":0},"end":{"line":null,"column":-1}}},"fnMap":{"0":{"name":"data","decl":{"start":{"line":83,"column":0},"end":{"line":null,"column":-1}},"loc":{"start":{"line":83,"column":0},"end":{"line":85,"column":0}}},"1":{"name":"login","decl":{"start":{"line":87,"column":0},"end":{"line":null,"column":-1}},"loc":{"start":{"line":87,"column":0},"end":{"line":102,"column":0}}}},"branchMap":{"0":{"loc":{"start":{"line":87,"column":0},"end":{"line":null,"column":-1}},"type":"switch","locations":[{"start":{"line":87,"column":0},"end":{"line":null,"column":-1}},{"start":{"line":87,"column":0},"end":{"line":null,"column":-1}},{"start":{"line":87,"column":0},"end":{"line":100,"column":0}},{"start":{"line":87,"column":0},"end":{"line":null,"column":-1}},{"start":{"line":87,"column":0},"end":{"line":null,"column":-1}}]},"1":{"loc":{"start":{"line":96,"column":0},"end":{"line":100,"column":0}},"type":"if","locations":[{"start":{"line":96,"column":0},"end":{"line":100,"column":0}},{"start":{"line":96,"column":0},"end":{"line":100,"column":0}}]},"2":{"loc":{"start":{"line":97,"column":0},"end":{"line":null,"column":-1}},"type":"binary-expr","locations":[{"start":{"line":97,"column":0},"end":{"line":null,"column":-1}},{"start":{"line":97,"column":0},"end":{"line":null,"column":-1}}]}},"s":{"0":0,"1":0,"2":0,"3":0,"4":0,"5":0,"6":0,"7":0,"8":0,"9":0,"10":0,"11":0,"12":0},"f":{"0":0,"1":0},"b":{"0":[0,0,0,0,0],"1":[0,0],"2":[0,0]}}
,"F:\\freeCodeCampWorkSpace\\votingappvue\\client\\src\\components\\Register.vue": {"path":"F:\\freeCodeCampWorkSpace\\votingappvue\\client\\src\\components\\Register.vue","statementMap":{"0":{"start":{"line":65,"column":0},"end":{"line":null,"column":-1}},"1":{"start":{"line":66,"column":0},"end":{"line":null,"column":-1}},"2":{"start":{"line":71,"column":0},"end":{"line":null,"column":-1}},"3":{"start":{"line":74,"column":0},"end":{"line":null,"column":-1}},"4":{"start":{"line":76,"column":0},"end":{"line":null,"column":-1}},"5":{"start":{"line":77,"column":0},"end":{"line":null,"column":-1}},"6":{"start":{"line":78,"column":0},"end":{"line":null,"column":-1}},"7":{"start":{"line":79,"column":0},"end":{"line":null,"column":-1}},"8":{"start":{"line":80,"column":0},"end":{"line":null,"column":-1}},"9":{"start":{"line":82,"column":0},"end":{"line":null,"column":-1}},"10":{"start":{"line":83,"column":0},"end":{"line":null,"column":-1}},"11":{"start":{"line":87,"column":0},"end":{"line":null,"column":-1}},"12":{"start":{"line":88,"column":0},"end":{"line":null,"column":-1}}},"fnMap":{"0":{"name":"data","decl":{"start":{"line":70,"column":0},"end":{"line":null,"column":-1}},"loc":{"start":{"line":70,"column":0},"end":{"line":72,"column":0}}},"1":{"name":"register","decl":{"start":{"line":74,"column":0},"end":{"line":null,"column":-1}},"loc":{"start":{"line":74,"column":0},"end":{"line":85,"column":0}}},"2":{"name":"clear","decl":{"start":{"line":86,"column":0},"end":{"line":null,"column":-1}},"loc":{"start":{"line":86,"column":0},"end":{"line":89,"column":0}}}},"branchMap":{"0":{"loc":{"start":{"line":74,"column":0},"end":{"line":null,"column":-1}},"type":"switch","locations":[{"start":{"line":74,"column":0},"end":{"line":null,"column":-1}},{"start":{"line":74,"column":0},"end":{"line":null,"column":-1}},{"start":{"line":74,"column":0},"end":{"line":83,"column":0}},{"start":{"line":74,"column":0},"end":{"line":null,"column":-1}},{"start":{"line":74,"column":0},"end":{"line":null,"column":-1}}]},"1":{"loc":{"start":{"line":83,"column":0},"end":{"line":null,"column":-1}},"type":"binary-expr","locations":[{"start":{"line":83,"column":0},"end":{"line":null,"column":-1}},{"start":{"line":83,"column":0},"end":{"line":null,"column":-1}}]}},"s":{"0":0,"1":0,"2":0,"3":0,"4":0,"5":0,"6":0,"7":0,"8":0,"9":0,"10":0,"11":0,"12":0},"f":{"0":0,"1":0,"2":0},"b":{"0":[0,0,0,0,0],"1":[0,0]}}
,"F:\\freeCodeCampWorkSpace\\votingappvue\\client\\src\\components\\About\\index.js": {"path":"F:\\freeCodeCampWorkSpace\\votingappvue\\client\\src\\components\\About\\index.js","statementMap":{"0":{"start":{"line":1,"column":0},"end":{"line":null,"column":-1}},"1":{"start":{"line":4,"column":4},"end":{"line":null,"column":-1}}},"fnMap":{"0":{"name":"data","decl":{"start":{"line":2,"column":19},"end":{"line":3,"column":8}},"loc":{"start":{"line":3,"column":9},"end":{"line":2,"column":19}}}},"branchMap":{},"s":{"0":0,"1":0},"f":{"0":0},"b":{}}
,"F:\\freeCodeCampWorkSpace\\votingappvue\\client\\src\\components\\poll\\AllPolls.js": {"path":"F:\\freeCodeCampWorkSpace\\votingappvue\\client\\src\\components\\poll\\AllPolls.js","statementMap":{"0":{"start":{"line":1,"column":0},"end":{"line":null,"column":-1}},"1":{"start":{"line":2,"column":0},"end":{"line":null,"column":-1}},"2":{"start":{"line":3,"column":0},"end":{"line":null,"column":-1}},"3":{"start":{"line":5,"column":15},"end":{"line":5,"column":0}},"4":{"start":{"line":8,"column":4},"end":{"line":null,"column":-1}},"5":{"start":{"line":14,"column":6},"end":{"line":null,"column":-1}},"6":{"start":{"line":17,"column":6},"end":{"line":null,"column":-1}},"7":{"start":{"line":21,"column":4},"end":{"line":null,"column":-1}},"8":{"start":{"line":29,"column":6},"end":{"line":null,"column":-1}},"9":{"start":{"line":30,"column":21},"end":{"line":30,"column":6}},"10":{"start":{"line":31,"column":6},"end":{"line":null,"column":-1}},"11":{"start":{"line":39,"column":21},"end":{"line":null,"column":-1}},"12":{"start":{"line":39,"column":21},"end":{"line":41,"column":13}},"13":{"start":{"line":41,"column":14},"end":{"line":39,"column":21}},"14":{"start":{"line":42,"column":8},"end":{"line":null,"column":-1}},"15":{"start":{"line":43,"column":12},"end":{"line":39,"column":21}},"16":{"start":{"line":44,"column":8},"end":{"line":null,"column":-1}},"17":{"start":{"line":47,"column":8},"end":{"line":39,"column":21}},"18":{"start":{"line":52,"column":4},"end":{"line":null,"column":-1}},"19":{"start":{"line":55,"column":4},"end":{"line":null,"column":-1}},"20":{"start":{"line":56,"column":4},"end":{"line":null,"column":-1}},"21":{"start":{"line":59,"column":4},"end":{"line":null,"column":-1}}},"fnMap":{"0":{"name":"data","decl":{"start":{"line":5,"column":26},"end":{"line":7,"column":8}},"loc":{"start":{"line":7,"column":9},"end":{"line":5,"column":26}}},"1":{"name":"pollEmpty","decl":{"start":{"line":12,"column":12},"end":{"line":13,"column":15}},"loc":{"start":{"line":13,"column":16},"end":{"line":12,"column":12}}},"2":{"name":"polls","decl":{"start":{"line":12,"column":12},"end":{"line":16,"column":11}},"loc":{"start":{"line":16,"column":12},"end":{"line":12,"column":12}}},"3":{"name":"render","decl":{"start":{"line":20,"column":10},"end":{"line":20,"column":18}},"loc":{"start":{"line":20,"column":34},"end":{"line":5,"column":26}}},"4":{"name":"viewPoll","decl":{"start":{"line":27,"column":11},"end":{"line":28,"column":12}},"loc":{"start":{"line":28,"column":19},"end":{"line":27,"column":11}}},"5":{"name":"getPolls","decl":{"start":{"line":27,"column":11},"end":{"line":39,"column":20}},"loc":{"start":{"line":39,"column":21},"end":{"line":27,"column":11}}},"6":{"name":"_callee","decl":{"start":{"line":39,"column":21},"end":{"line":null,"column":-1}},"loc":{"start":{"line":39,"column":21},"end":{"line":null,"column":-1}}},"7":{"name":"created","decl":{"start":{"line":5,"column":26},"end":{"line":51,"column":11}},"loc":{"start":{"line":51,"column":12},"end":{"line":5,"column":26}}},"8":{"name":"mounted","decl":{"start":{"line":5,"column":26},"end":{"line":54,"column":11}},"loc":{"start":{"line":54,"column":12},"end":{"line":5,"column":26}}},"9":{"name":"updated","decl":{"start":{"line":5,"column":26},"end":{"line":58,"column":11}},"loc":{"start":{"line":58,"column":12},"end":{"line":5,"column":26}}}},"branchMap":{"0":{"loc":{"start":{"line":14,"column":13},"end":{"line":14,"column":12}},"type":"binary-expr","locations":[{"start":{"line":14,"column":13},"end":{"line":14,"column":12}},{"start":{"line":14,"column":28},"end":{"line":14,"column":6}}]},"1":{"loc":{"start":{"line":39,"column":21},"end":{"line":41,"column":13}},"type":"switch","locations":[{"start":{"line":39,"column":21},"end":{"line":41,"column":13}},{"start":{"line":39,"column":21},"end":{"line":null,"column":-1}},{"start":{"line":39,"column":21},"end":{"line":39,"column":20}},{"start":{"line":39,"column":21},"end":{"line":null,"column":-1}},{"start":{"line":39,"column":21},"end":{"line":null,"column":-1}}]},"2":{"loc":{"start":{"line":47,"column":21},"end":{"line":47,"column":20}},"type":"binary-expr","locations":[{"start":{"line":47,"column":21},"end":{"line":47,"column":20}},{"start":{"line":47,"column":54},"end":{"line":47,"column":8}}]}},"s":{"0":0,"1":0,"2":0,"3":0,"4":0,"5":0,"6":0,"7":0,"8":0,"9":0,"10":0,"11":0,"12":0,"13":0,"14":0,"15":0,"16":0,"17":0,"18":0,"19":0,"20":0,"21":0},"f":{"0":0,"1":0,"2":0,"3":0,"4":0,"5":0,"6":0,"7":0,"8":0,"9":0},"b":{"0":[0,0],"1":[0,0,0,0,0],"2":[0,0]}}
,"F:\\freeCodeCampWorkSpace\\votingappvue\\client\\src\\components\\poll\\CreatePoll.vue": {"path":"F:\\freeCodeCampWorkSpace\\votingappvue\\client\\src\\components\\poll\\CreatePoll.vue","statementMap":{"0":{"start":{"line":70,"column":0},"end":{"line":null,"column":-1}},"1":{"start":{"line":75,"column":0},"end":{"line":null,"column":-1}},"2":{"start":{"line":79,"column":0},"end":{"line":null,"column":-1}},"3":{"start":{"line":83,"column":0},"end":{"line":null,"column":-1}},"4":{"start":{"line":84,"column":0},"end":{"line":null,"column":-1}},"5":{"start":{"line":88,"column":0},"end":{"line":null,"column":-1}},"6":{"start":{"line":92,"column":0},"end":{"line":null,"column":-1}},"7":{"start":{"line":93,"column":0},"end":{"line":null,"column":-1}},"8":{"start":{"line":94,"column":0},"end":{"line":null,"column":-1}},"9":{"start":{"line":95,"column":0},"end":{"line":null,"column":-1}},"10":{"start":{"line":96,"column":0},"end":{"line":null,"column":-1}},"11":{"start":{"line":99,"column":0},"end":{"line":null,"column":-1}},"12":{"start":{"line":102,"column":0},"end":{"line":null,"column":-1}},"13":{"start":{"line":104,"column":0},"end":{"line":null,"column":-1}},"14":{"start":{"line":105,"column":0},"end":{"line":null,"column":-1}},"15":{"start":{"line":108,"column":0},"end":{"line":null,"column":-1}},"16":{"start":{"line":109,"column":0},"end":{"line":null,"column":-1}},"17":{"start":{"line":112,"column":0},"end":{"line":null,"column":-1}},"18":{"start":{"line":113,"column":0},"end":{"line":123,"column":0}},"19":{"start":{"line":114,"column":0},"end":{"line":116,"column":0}},"20":{"start":{"line":115,"column":0},"end":{"line":null,"column":-1}},"21":{"start":{"line":117,"column":0},"end":{"line":122,"column":0}},"22":{"start":{"line":118,"column":0},"end":{"line":null,"column":-1}},"23":{"start":{"line":120,"column":0},"end":{"line":null,"column":-1}},"24":{"start":{"line":121,"column":0},"end":{"line":null,"column":-1}}},"fnMap":{"0":{"name":"data","decl":{"start":{"line":74,"column":0},"end":{"line":null,"column":-1}},"loc":{"start":{"line":74,"column":0},"end":{"line":76,"column":0}}},"1":{"name":"option","decl":{"start":{"line":78,"column":0},"end":{"line":null,"column":-1}},"loc":{"start":{"line":78,"column":0},"end":{"line":80,"column":0}}},"2":{"name":"createPoll","decl":{"start":{"line":83,"column":0},"end":{"line":null,"column":-1}},"loc":{"start":{"line":83,"column":0},"end":{"line":106,"column":0}}},"3":{"name":"removePoll","decl":{"start":{"line":107,"column":0},"end":{"line":null,"column":-1}},"loc":{"start":{"line":107,"column":0},"end":{"line":110,"column":0}}},"4":{"name":"addPoll","decl":{"start":{"line":111,"column":0},"end":{"line":null,"column":-1}},"loc":{"start":{"line":111,"column":0},"end":{"line":124,"column":0}}},"5":{"name":"(anonymous_9)","decl":{"start":{"line":114,"column":0},"end":{"line":null,"column":-1}},"loc":{"start":{"line":114,"column":0},"end":{"line":116,"column":0}}}},"branchMap":{"0":{"loc":{"start":{"line":83,"column":0},"end":{"line":null,"column":-1}},"type":"switch","locations":[{"start":{"line":83,"column":0},"end":{"line":null,"column":-1}},{"start":{"line":83,"column":0},"end":{"line":null,"column":-1}},{"start":{"line":83,"column":0},"end":{"line":99,"column":0}},{"start":{"line":83,"column":0},"end":{"line":null,"column":-1}},{"start":{"line":83,"column":0},"end":{"line":102,"column":0}},{"start":{"line":83,"column":0},"end":{"line":105,"column":0}},{"start":{"line":83,"column":0},"end":{"line":null,"column":-1}},{"start":{"line":83,"column":0},"end":{"line":null,"column":-1}}]},"1":{"loc":{"start":{"line":84,"column":0},"end":{"line":null,"column":-1}},"type":"if","locations":[{"start":{"line":84,"column":0},"end":{"line":null,"column":-1}},{"start":{"line":84,"column":0},"end":{"line":null,"column":-1}}]},"2":{"loc":{"start":{"line":83,"column":0},"end":{"line":null,"column":-1}},"type":"if","locations":[{"start":{"line":83,"column":0},"end":{"line":null,"column":-1}},{"start":{"line":83,"column":0},"end":{"line":null,"column":-1}}]},"3":{"loc":{"start":{"line":99,"column":0},"end":{"line":null,"column":-1}},"type":"binary-expr","locations":[{"start":{"line":99,"column":0},"end":{"line":null,"column":-1}},{"start":{"line":99,"column":0},"end":{"line":null,"column":-1}}]},"4":{"loc":{"start":{"line":113,"column":0},"end":{"line":123,"column":0}},"type":"if","locations":[{"start":{"line":113,"column":0},"end":{"line":123,"column":0}},{"start":{"line":113,"column":0},"end":{"line":123,"column":0}}]},"5":{"loc":{"start":{"line":117,"column":0},"end":{"line":122,"column":0}},"type":"if","locations":[{"start":{"line":117,"column":0},"end":{"line":122,"column":0}},{"start":{"line":117,"column":0},"end":{"line":122,"column":0}}]}},"s":{"0":0,"1":0,"2":0,"3":0,"4":0,"5":0,"6":0,"7":0,"8":0,"9":0,"10":0,"11":0,"12":0,"13":0,"14":0,"15":0,"16":0,"17":0,"18":0,"19":0,"20":0,"21":0,"22":0,"23":0,"24":0},"f":{"0":0,"1":0,"2":0,"3":0,"4":0,"5":0},"b":{"0":[0,0,0,0,0,0,0,0],"1":[0,0],"2":[0,0],"3":[0,0],"4":[0,0],"5":[0,0]}}
,"F:\\freeCodeCampWorkSpace\\votingappvue\\client\\src\\components\\poll\\Detail.vue": {"path":"F:\\freeCodeCampWorkSpace\\votingappvue\\client\\src\\components\\poll\\Detail.vue","statementMap":{"0":{"start":{"line":76,"column":0},"end":{"line":null,"column":-1}},"1":{"start":{"line":77,"column":0},"end":{"line":null,"column":-1}},"2":{"start":{"line":78,"column":0},"end":{"line":null,"column":-1}},"3":{"start":{"line":86,"column":0},"end":{"line":null,"column":-1}},"4":{"start":{"line":99,"column":0},"end":{"line":null,"column":-1}},"5":{"start":{"line":100,"column":0},"end":{"line":null,"column":-1}},"6":{"start":{"line":104,"column":0},"end":{"line":null,"column":-1}},"7":{"start":{"line":108,"column":0},"end":{"line":null,"column":-1}},"8":{"start":{"line":113,"column":0},"end":{"line":null,"column":-1}},"9":{"start":{"line":114,"column":0},"end":{"line":125,"column":0}},"10":{"start":{"line":115,"column":0},"end":{"line":null,"column":-1}},"11":{"start":{"line":117,"column":0},"end":{"line":119,"column":0}},"12":{"start":{"line":118,"column":0},"end":{"line":null,"column":-1}},"13":{"start":{"line":120,"column":0},"end":{"line":124,"column":0}},"14":{"start":{"line":121,"column":0},"end":{"line":null,"column":-1}},"15":{"start":{"line":123,"column":0},"end":{"line":null,"column":-1}},"16":{"start":{"line":128,"column":0},"end":{"line":132,"column":0}},"17":{"start":{"line":129,"column":0},"end":{"line":null,"column":-1}},"18":{"start":{"line":131,"column":0},"end":{"line":null,"column":-1}},"19":{"start":{"line":133,"column":0},"end":{"line":null,"column":-1}},"20":{"start":{"line":135,"column":0},"end":{"line":null,"column":-1}},"21":{"start":{"line":137,"column":0},"end":{"line":null,"column":-1}},"22":{"start":{"line":138,"column":0},"end":{"line":null,"column":-1}},"23":{"start":{"line":139,"column":0},"end":{"line":null,"column":-1}},"24":{"start":{"line":140,"column":0},"end":{"line":null,"column":-1}},"25":{"start":{"line":142,"column":0},"end":{"line":null,"column":-1}},"26":{"start":{"line":145,"column":0},"end":{"line":null,"column":-1}},"27":{"start":{"line":147,"column":0},"end":{"line":null,"column":-1}},"28":{"start":{"line":148,"column":0},"end":{"line":null,"column":-1}},"29":{"start":{"line":149,"column":0},"end":{"line":null,"column":-1}},"30":{"start":{"line":150,"column":0},"end":{"line":null,"column":-1}},"31":{"start":{"line":151,"column":0},"end":{"line":null,"column":-1}},"32":{"start":{"line":152,"column":0},"end":{"line":null,"column":-1}},"33":{"start":{"line":154,"column":0},"end":{"line":null,"column":-1}},"34":{"start":{"line":158,"column":0},"end":{"line":null,"column":-1}},"35":{"start":{"line":160,"column":0},"end":{"line":null,"column":-1}},"36":{"start":{"line":161,"column":0},"end":{"line":null,"column":-1}},"37":{"start":{"line":162,"column":0},"end":{"line":null,"column":-1}},"38":{"start":{"line":163,"column":0},"end":{"line":null,"column":-1}},"39":{"start":{"line":164,"column":0},"end":{"line":null,"column":-1}},"40":{"start":{"line":166,"column":0},"end":{"line":null,"column":-1}},"41":{"start":{"line":170,"column":0},"end":{"line":186,"column":0}},"42":{"start":{"line":171,"column":0},"end":{"line":null,"column":-1}},"43":{"start":{"line":172,"column":0},"end":{"line":null,"column":-1}},"44":{"start":{"line":173,"column":0},"end":{"line":null,"column":-1}},"45":{"start":{"line":174,"column":0},"end":{"line":178,"column":0}},"46":{"start":{"line":175,"column":0},"end":{"line":null,"column":-1}},"47":{"start":{"line":176,"column":0},"end":{"line":null,"column":-1}},"48":{"start":{"line":177,"column":0},"end":{"line":null,"column":-1}},"49":{"start":{"line":179,"column":0},"end":{"line":null,"column":-1}}},"fnMap":{"0":{"name":"data","decl":{"start":{"line":85,"column":0},"end":{"line":null,"column":-1}},"loc":{"start":{"line":85,"column":0},"end":{"line":96,"column":0}}},"1":{"name":"showRemovedBtn","decl":{"start":{"line":98,"column":0},"end":{"line":null,"column":-1}},"loc":{"start":{"line":98,"column":0},"end":{"line":101,"column":0}}},"2":{"name":"mounted","decl":{"start":{"line":103,"column":0},"end":{"line":null,"column":-1}},"loc":{"start":{"line":103,"column":0},"end":{"line":105,"column":0}}},"3":{"name":"newchoice","decl":{"start":{"line":107,"column":0},"end":{"line":null,"column":-1}},"loc":{"start":{"line":107,"column":0},"end":{"line":109,"column":0}}},"4":{"name":"newchoiceSend","decl":{"start":{"line":112,"column":0},"end":{"line":null,"column":-1}},"loc":{"start":{"line":112,"column":0},"end":{"line":126,"column":0}}},"5":{"name":"(anonymous_7)","decl":{"start":{"line":117,"column":0},"end":{"line":null,"column":-1}},"loc":{"start":{"line":117,"column":0},"end":{"line":119,"column":0}}},"6":{"name":"choiceIdByIndex","decl":{"start":{"line":127,"column":0},"end":{"line":null,"column":-1}},"loc":{"start":{"line":127,"column":0},"end":{"line":134,"column":0}}},"7":{"name":"getPoll","decl":{"start":{"line":135,"column":0},"end":{"line":null,"column":-1}},"loc":{"start":{"line":135,"column":0},"end":{"line":144,"column":0}}},"8":{"name":"vote","decl":{"start":{"line":145,"column":0},"end":{"line":null,"column":-1}},"loc":{"start":{"line":145,"column":0},"end":{"line":157,"column":0}}},"9":{"name":"remove","decl":{"start":{"line":158,"column":0},"end":{"line":null,"column":-1}},"loc":{"start":{"line":158,"column":0},"end":{"line":168,"column":0}}},"10":{"name":"fillData","decl":{"start":{"line":169,"column":0},"end":{"line":null,"column":-1}},"loc":{"start":{"line":169,"column":0},"end":{"line":187,"column":0}}},"11":{"name":"(anonymous_19)","decl":{"start":{"line":174,"column":0},"end":{"line":null,"column":-1}},"loc":{"start":{"line":174,"column":0},"end":{"line":178,"column":0}}}},"branchMap":{"0":{"loc":{"start":{"line":99,"column":0},"end":{"line":null,"column":-1}},"type":"binary-expr","locations":[{"start":{"line":99,"column":0},"end":{"line":null,"column":-1}},{"start":{"line":99,"column":0},"end":{"line":null,"column":-1}}]},"1":{"loc":{"start":{"line":114,"column":0},"end":{"line":125,"column":0}},"type":"if","locations":[{"start":{"line":114,"column":0},"end":{"line":125,"column":0}},{"start":{"line":114,"column":0},"end":{"line":125,"column":0}}]},"2":{"loc":{"start":{"line":114,"column":0},"end":{"line":null,"column":-1}},"type":"binary-expr","locations":[{"start":{"line":114,"column":0},"end":{"line":null,"column":-1}},{"start":{"line":114,"column":0},"end":{"line":null,"column":-1}}]},"3":{"loc":{"start":{"line":120,"column":0},"end":{"line":124,"column":0}},"type":"if","locations":[{"start":{"line":120,"column":0},"end":{"line":124,"column":0}},{"start":{"line":120,"column":0},"end":{"line":124,"column":0}}]},"4":{"loc":{"start":{"line":135,"column":0},"end":{"line":null,"column":-1}},"type":"switch","locations":[{"start":{"line":135,"column":0},"end":{"line":null,"column":-1}},{"start":{"line":135,"column":0},"end":{"line":null,"column":-1}},{"start":{"line":135,"column":0},"end":{"line":142,"column":0}},{"start":{"line":135,"column":0},"end":{"line":null,"column":-1}},{"start":{"line":135,"column":0},"end":{"line":null,"column":-1}}]},"5":{"loc":{"start":{"line":142,"column":0},"end":{"line":null,"column":-1}},"type":"binary-expr","locations":[{"start":{"line":142,"column":0},"end":{"line":null,"column":-1}},{"start":{"line":142,"column":0},"end":{"line":null,"column":-1}}]},"6":{"loc":{"start":{"line":145,"column":0},"end":{"line":null,"column":-1}},"type":"switch","locations":[{"start":{"line":145,"column":0},"end":{"line":null,"column":-1}},{"start":{"line":145,"column":0},"end":{"line":null,"column":-1}},{"start":{"line":145,"column":0},"end":{"line":154,"column":0}},{"start":{"line":145,"column":0},"end":{"line":null,"column":-1}},{"start":{"line":145,"column":0},"end":{"line":null,"column":-1}}]},"7":{"loc":{"start":{"line":154,"column":0},"end":{"line":null,"column":-1}},"type":"binary-expr","locations":[{"start":{"line":154,"column":0},"end":{"line":null,"column":-1}},{"start":{"line":154,"column":0},"end":{"line":null,"column":-1}}]},"8":{"loc":{"start":{"line":158,"column":0},"end":{"line":null,"column":-1}},"type":"switch","locations":[{"start":{"line":158,"column":0},"end":{"line":null,"column":-1}},{"start":{"line":158,"column":0},"end":{"line":null,"column":-1}},{"start":{"line":158,"column":0},"end":{"line":166,"column":0}},{"start":{"line":158,"column":0},"end":{"line":null,"column":-1}},{"start":{"line":158,"column":0},"end":{"line":null,"column":-1}}]},"9":{"loc":{"start":{"line":166,"column":0},"end":{"line":null,"column":-1}},"type":"binary-expr","locations":[{"start":{"line":166,"column":0},"end":{"line":null,"column":-1}},{"start":{"line":166,"column":0},"end":{"line":null,"column":-1}}]},"10":{"loc":{"start":{"line":170,"column":0},"end":{"line":186,"column":0}},"type":"if","locations":[{"start":{"line":170,"column":0},"end":{"line":186,"column":0}},{"start":{"line":170,"column":0},"end":{"line":186,"column":0}}]}},"s":{"0":0,"1":0,"2":0,"3":0,"4":0,"5":0,"6":0,"7":0,"8":0,"9":0,"10":0,"11":0,"12":0,"13":0,"14":0,"15":0,"16":0,"17":0,"18":0,"19":0,"20":0,"21":0,"22":0,"23":0,"24":0,"25":0,"26":0,"27":0,"28":0,"29":0,"30":0,"31":0,"32":0,"33":0,"34":0,"35":0,"36":0,"37":0,"38":0,"39":0,"40":0,"41":0,"42":0,"43":0,"44":0,"45":0,"46":0,"47":0,"48":0,"49":0},"f":{"0":0,"1":0,"2":0,"3":0,"4":0,"5":0,"6":0,"7":0,"8":0,"9":0,"10":0,"11":0},"b":{"0":[0,0],"1":[0,0],"2":[0,0],"3":[0,0],"4":[0,0,0,0,0],"5":[0,0],"6":[0,0,0,0,0],"7":[0,0],"8":[0,0,0,0,0],"9":[0,0],"10":[0,0]}}
,"F:\\freeCodeCampWorkSpace\\votingappvue\\client\\src\\components\\poll\\List.vue": {"path":"F:\\freeCodeCampWorkSpace\\votingappvue\\client\\src\\components\\poll\\List.vue","statementMap":{"0":{"start":{"line":57,"column":0},"end":{"line":null,"column":-1}},"1":{"start":{"line":61,"column":0},"end":{"line":null,"column":-1}},"2":{"start":{"line":66,"column":0},"end":{"line":null,"column":-1}},"3":{"start":{"line":67,"column":0},"end":{"line":null,"column":-1}},"4":{"start":{"line":68,"column":0},"end":{"line":null,"column":-1}},"5":{"start":{"line":78,"column":0},"end":{"line":null,"column":-1}},"6":{"start":{"line":81,"column":0},"end":{"line":null,"column":-1}},"7":{"start":{"line":84,"column":0},"end":{"line":null,"column":-1}}},"fnMap":{"0":{"name":"data","decl":{"start":{"line":56,"column":0},"end":{"line":null,"column":-1}},"loc":{"start":{"line":56,"column":0},"end":{"line":58,"column":0}}},"1":{"name":"pollEmpty","decl":{"start":{"line":60,"column":0},"end":{"line":null,"column":-1}},"loc":{"start":{"line":60,"column":0},"end":{"line":62,"column":0}}},"2":{"name":"viewPoll","decl":{"start":{"line":65,"column":0},"end":{"line":null,"column":-1}},"loc":{"start":{"line":65,"column":0},"end":{"line":75,"column":0}}},"3":{"name":"created","decl":{"start":{"line":77,"column":0},"end":{"line":null,"column":-1}},"loc":{"start":{"line":77,"column":0},"end":{"line":79,"column":0}}},"4":{"name":"mounted","decl":{"start":{"line":80,"column":0},"end":{"line":null,"column":-1}},"loc":{"start":{"line":80,"column":0},"end":{"line":82,"column":0}}},"5":{"name":"updated","decl":{"start":{"line":83,"column":0},"end":{"line":null,"column":-1}},"loc":{"start":{"line":83,"column":0},"end":{"line":86,"column":0}}}},"branchMap":{"0":{"loc":{"start":{"line":61,"column":0},"end":{"line":null,"column":-1}},"type":"binary-expr","locations":[{"start":{"line":61,"column":0},"end":{"line":null,"column":-1}},{"start":{"line":61,"column":0},"end":{"line":null,"column":-1}}]}},"s":{"0":0,"1":0,"2":0,"3":0,"4":0,"5":0,"6":0,"7":0},"f":{"0":0,"1":0,"2":0,"3":0,"4":0,"5":0},"b":{"0":[0,0]}}
,"F:\\freeCodeCampWorkSpace\\votingappvue\\client\\src\\components\\poll\\MyPolls.js": {"path":"F:\\freeCodeCampWorkSpace\\votingappvue\\client\\src\\components\\poll\\MyPolls.js","statementMap":{"0":{"start":{"line":1,"column":0},"end":{"line":null,"column":-1}},"1":{"start":{"line":2,"column":0},"end":{"line":null,"column":-1}},"2":{"start":{"line":3,"column":0},"end":{"line":null,"column":-1}},"3":{"start":{"line":5,"column":14},"end":{"line":5,"column":0}},"4":{"start":{"line":8,"column":4},"end":{"line":null,"column":-1}},"5":{"start":{"line":14,"column":6},"end":{"line":null,"column":-1}},"6":{"start":{"line":17,"column":6},"end":{"line":null,"column":-1}},"7":{"start":{"line":21,"column":4},"end":{"line":null,"column":-1}},"8":{"start":{"line":29,"column":6},"end":{"line":null,"column":-1}},"9":{"start":{"line":30,"column":21},"end":{"line":30,"column":6}},"10":{"start":{"line":31,"column":6},"end":{"line":null,"column":-1}},"11":{"start":{"line":39,"column":21},"end":{"line":null,"column":-1}},"12":{"start":{"line":39,"column":21},"end":{"line":41,"column":13}},"13":{"start":{"line":41,"column":14},"end":{"line":39,"column":21}},"14":{"start":{"line":42,"column":8},"end":{"line":null,"column":-1}},"15":{"start":{"line":43,"column":12},"end":{"line":39,"column":21}},"16":{"start":{"line":44,"column":8},"end":{"line":null,"column":-1}},"17":{"start":{"line":47,"column":8},"end":{"line":39,"column":21}},"18":{"start":{"line":52,"column":4},"end":{"line":null,"column":-1}},"19":{"start":{"line":55,"column":4},"end":{"line":null,"column":-1}},"20":{"start":{"line":56,"column":4},"end":{"line":null,"column":-1}},"21":{"start":{"line":59,"column":4},"end":{"line":null,"column":-1}}},"fnMap":{"0":{"name":"data","decl":{"start":{"line":5,"column":26},"end":{"line":7,"column":8}},"loc":{"start":{"line":7,"column":9},"end":{"line":5,"column":26}}},"1":{"name":"pollEmpty","decl":{"start":{"line":12,"column":12},"end":{"line":13,"column":15}},"loc":{"start":{"line":13,"column":16},"end":{"line":12,"column":12}}},"2":{"name":"polls","decl":{"start":{"line":12,"column":12},"end":{"line":16,"column":11}},"loc":{"start":{"line":16,"column":12},"end":{"line":12,"column":12}}},"3":{"name":"render","decl":{"start":{"line":20,"column":10},"end":{"line":20,"column":18}},"loc":{"start":{"line":20,"column":34},"end":{"line":5,"column":26}}},"4":{"name":"viewPoll","decl":{"start":{"line":27,"column":11},"end":{"line":28,"column":12}},"loc":{"start":{"line":28,"column":19},"end":{"line":27,"column":11}}},"5":{"name":"getPolls","decl":{"start":{"line":27,"column":11},"end":{"line":39,"column":20}},"loc":{"start":{"line":39,"column":21},"end":{"line":27,"column":11}}},"6":{"name":"_callee","decl":{"start":{"line":39,"column":21},"end":{"line":null,"column":-1}},"loc":{"start":{"line":39,"column":21},"end":{"line":null,"column":-1}}},"7":{"name":"created","decl":{"start":{"line":5,"column":26},"end":{"line":51,"column":11}},"loc":{"start":{"line":51,"column":12},"end":{"line":5,"column":26}}},"8":{"name":"mounted","decl":{"start":{"line":5,"column":26},"end":{"line":54,"column":11}},"loc":{"start":{"line":54,"column":12},"end":{"line":5,"column":26}}},"9":{"name":"updated","decl":{"start":{"line":5,"column":26},"end":{"line":58,"column":11}},"loc":{"start":{"line":58,"column":12},"end":{"line":5,"column":26}}}},"branchMap":{"0":{"loc":{"start":{"line":14,"column":13},"end":{"line":14,"column":12}},"type":"binary-expr","locations":[{"start":{"line":14,"column":13},"end":{"line":14,"column":12}},{"start":{"line":14,"column":28},"end":{"line":14,"column":6}}]},"1":{"loc":{"start":{"line":39,"column":21},"end":{"line":41,"column":13}},"type":"switch","locations":[{"start":{"line":39,"column":21},"end":{"line":41,"column":13}},{"start":{"line":39,"column":21},"end":{"line":null,"column":-1}},{"start":{"line":39,"column":21},"end":{"line":39,"column":20}},{"start":{"line":39,"column":21},"end":{"line":null,"column":-1}},{"start":{"line":39,"column":21},"end":{"line":null,"column":-1}}]},"2":{"loc":{"start":{"line":47,"column":21},"end":{"line":47,"column":20}},"type":"binary-expr","locations":[{"start":{"line":47,"column":21},"end":{"line":47,"column":20}},{"start":{"line":47,"column":54},"end":{"line":47,"column":8}}]}},"s":{"0":0,"1":0,"2":0,"3":0,"4":0,"5":0,"6":0,"7":0,"8":0,"9":0,"10":0,"11":0,"12":0,"13":0,"14":0,"15":0,"16":0,"17":0,"18":0,"19":0,"20":0,"21":0},"f":{"0":0,"1":0,"2":0,"3":0,"4":0,"5":0,"6":0,"7":0,"8":0,"9":0},"b":{"0":[0,0],"1":[0,0,0,0,0],"2":[0,0]}}
,"F:\\freeCodeCampWorkSpace\\votingappvue\\client\\src\\components\\poll\\PieChart.js": {"path":"F:\\freeCodeCampWorkSpace\\votingappvue\\client\\src\\components\\poll\\PieChart.js","statementMap":{"0":{"start":{"line":2,"column":0},"end":{"line":null,"column":-1}},"1":{"start":{"line":13,"column":4},"end":{"line":null,"column":-1}}},"fnMap":{"0":{"name":"mounted","decl":{"start":{"line":10,"column":11},"end":{"line":10,"column":21}},"loc":{"start":{"line":10,"column":22},"end":{"line":5,"column":15}}}},"branchMap":{},"s":{"0":0,"1":0},"f":{"0":0},"b":{}}
,"F:\\freeCodeCampWorkSpace\\votingappvue\\client\\src\\services\\Api.js": {"path":"F:\\freeCodeCampWorkSpace\\votingappvue\\client\\src\\services\\Api.js","statementMap":{"0":{"start":{"line":1,"column":0},"end":{"line":null,"column":-1}},"1":{"start":{"line":2,"column":0},"end":{"line":null,"column":-1}},"2":{"start":{"line":5,"column":2},"end":{"line":null,"column":-1}}},"fnMap":{},"branchMap":{},"s":{"0":0,"1":0,"2":0},"f":{},"b":{}}
,"F:\\freeCodeCampWorkSpace\\votingappvue\\client\\src\\services\\AuthenticationService.js": {"path":"F:\\freeCodeCampWorkSpace\\votingappvue\\client\\src\\services\\AuthenticationService.js","statementMap":{"0":{"start":{"line":1,"column":0},"end":{"line":null,"column":-1}},"1":{"start":{"line":5,"column":4},"end":{"line":null,"column":-1}},"2":{"start":{"line":8,"column":4},"end":{"line":null,"column":-1}}},"fnMap":{"0":{"name":"register","decl":{"start":{"line":4,"column":12},"end":{"line":4,"column":20}},"loc":{"start":{"line":4,"column":34},"end":{"line":3,"column":15}}},"1":{"name":"login","decl":{"start":{"line":7,"column":9},"end":{"line":7,"column":17}},"loc":{"start":{"line":7,"column":31},"end":{"line":3,"column":15}}}},"branchMap":{},"s":{"0":0,"1":0,"2":0},"f":{"0":0,"1":0},"b":{}}
,"F:\\freeCodeCampWorkSpace\\votingappvue\\client\\src\\services\\PollService.js": {"path":"F:\\freeCodeCampWorkSpace\\votingappvue\\client\\src\\services\\PollService.js","statementMap":{"0":{"start":{"line":1,"column":0},"end":{"line":null,"column":-1}},"1":{"start":{"line":5,"column":4},"end":{"line":null,"column":-1}},"2":{"start":{"line":8,"column":4},"end":{"line":null,"column":-1}},"3":{"start":{"line":12,"column":4},"end":{"line":null,"column":-1}},"4":{"start":{"line":15,"column":4},"end":{"line":null,"column":-1}},"5":{"start":{"line":18,"column":4},"end":{"line":null,"column":-1}},"6":{"start":{"line":25,"column":4},"end":{"line":null,"column":-1}}},"fnMap":{"0":{"name":"createPoll","decl":{"start":{"line":4,"column":14},"end":{"line":4,"column":22}},"loc":{"start":{"line":4,"column":29},"end":{"line":3,"column":15}}},"1":{"name":"mypolls","decl":{"start":{"line":7,"column":11},"end":{"line":7,"column":21}},"loc":{"start":{"line":7,"column":22},"end":{"line":3,"column":15}}},"2":{"name":"list","decl":{"start":{"line":11,"column":8},"end":{"line":11,"column":18}},"loc":{"start":{"line":11,"column":19},"end":{"line":3,"column":15}}},"3":{"name":"pollDetail","decl":{"start":{"line":14,"column":14},"end":{"line":14,"column":22}},"loc":{"start":{"line":14,"column":31},"end":{"line":3,"column":15}}},"4":{"name":"vote","decl":{"start":{"line":17,"column":8},"end":{"line":17,"column":16}},"loc":{"start":{"line":17,"column":46},"end":{"line":3,"column":15}}},"5":{"name":"remove","decl":{"start":{"line":24,"column":10},"end":{"line":24,"column":18}},"loc":{"start":{"line":24,"column":27},"end":{"line":3,"column":15}}}},"branchMap":{},"s":{"0":0,"1":0,"2":0,"3":0,"4":0,"5":0,"6":0},"f":{"0":0,"1":0,"2":0,"3":0,"4":0,"5":0},"b":{}}
,"F:\\freeCodeCampWorkSpace\\votingappvue\\client\\src\\store\\store.js": {"path":"F:\\freeCodeCampWorkSpace\\votingappvue\\client\\src\\store\\store.js","statementMap":{"0":{"start":{"line":1,"column":0},"end":{"line":null,"column":-1}},"1":{"start":{"line":2,"column":0},"end":{"line":null,"column":-1}},"2":{"start":{"line":3,"column":0},"end":{"line":null,"column":-1}},"3":{"start":{"line":24,"column":6},"end":{"line":null,"column":-1}},"4":{"start":{"line":27,"column":6},"end":{"line":null,"column":-1}},"5":{"start":{"line":30,"column":6},"end":{"line":null,"column":-1}},"6":{"start":{"line":33,"column":6},"end":{"line":null,"column":-1}},"7":{"start":{"line":39,"column":6},"end":{"line":47,"column":7}},"8":{"start":{"line":40,"column":8},"end":{"line":null,"column":-1}},"9":{"start":{"line":41,"column":8},"end":{"line":null,"column":-1}},"10":{"start":{"line":42,"column":8},"end":{"line":null,"column":-1}},"11":{"start":{"line":44,"column":8},"end":{"line":null,"column":-1}},"12":{"start":{"line":45,"column":8},"end":{"line":null,"column":-1}},"13":{"start":{"line":46,"column":8},"end":{"line":null,"column":-1}},"14":{"start":{"line":50,"column":6},"end":{"line":null,"column":-1}},"15":{"start":{"line":51,"column":6},"end":{"line":null,"column":-1}},"16":{"start":{"line":52,"column":8},"end":{"line":null,"column":-1}},"17":{"start":{"line":56,"column":6},"end":{"line":null,"column":-1}},"18":{"start":{"line":59,"column":6},"end":{"line":null,"column":-1}},"19":{"start":{"line":63,"column":44},"end":{"line":63,"column":43}},"20":{"start":{"line":64,"column":6},"end":{"line":null,"column":-1}},"21":{"start":{"line":66,"column":42},"end":{"line":66,"column":41}},"22":{"start":{"line":67,"column":6},"end":{"line":null,"column":-1}},"23":{"start":{"line":69,"column":40},"end":{"line":69,"column":39}},"24":{"start":{"line":70,"column":6},"end":{"line":null,"column":-1}},"25":{"start":{"line":72,"column":47},"end":{"line":72,"column":46}},"26":{"start":{"line":73,"column":6},"end":{"line":null,"column":-1}}},"fnMap":{"0":{"name":"getPolls","decl":{"start":{"line":22,"column":11},"end":{"line":23,"column":12}},"loc":{"start":{"line":23,"column":20},"end":{"line":22,"column":11}}},"1":{"name":"getMyPolls","decl":{"start":{"line":22,"column":11},"end":{"line":26,"column":14}},"loc":{"start":{"line":26,"column":22},"end":{"line":22,"column":11}}},"2":{"name":"getToken","decl":{"start":{"line":22,"column":11},"end":{"line":29,"column":12}},"loc":{"start":{"line":29,"column":20},"end":{"line":22,"column":11}}},"3":{"name":"getIdUser","decl":{"start":{"line":22,"column":11},"end":{"line":32,"column":13}},"loc":{"start":{"line":32,"column":21},"end":{"line":22,"column":11}}},"4":{"name":"setUser","decl":{"start":{"line":38,"column":13},"end":{"line":38,"column":21}},"loc":{"start":{"line":38,"column":35},"end":{"line":37,"column":13}}},"5":{"name":"setPolls","decl":{"start":{"line":49,"column":14},"end":{"line":49,"column":22}},"loc":{"start":{"line":49,"column":37},"end":{"line":37,"column":13}}},"6":{"name":"(anonymous_7)","decl":{"start":{"line":51,"column":20},"end":{"line":51,"column":27}},"loc":{"start":{"line":51,"column":28},"end":{"line":51,"column":6}}},"7":{"name":"setMyPolls","decl":{"start":{"line":55,"column":16},"end":{"line":55,"column":24}},"loc":{"start":{"line":55,"column":39},"end":{"line":37,"column":13}}},"8":{"name":"toggleDrawer","decl":{"start":{"line":58,"column":18},"end":{"line":58,"column":26}},"loc":{"start":{"line":58,"column":42},"end":{"line":37,"column":13}}},"9":{"name":"setMyPolls","decl":{"start":{"line":63,"column":16},"end":{"line":63,"column":36}},"loc":{"start":{"line":63,"column":44},"end":{"line":62,"column":11}}},"10":{"name":"setPolls","decl":{"start":{"line":66,"column":14},"end":{"line":66,"column":34}},"loc":{"start":{"line":66,"column":42},"end":{"line":62,"column":11}}},"11":{"name":"setUser","decl":{"start":{"line":69,"column":13},"end":{"line":69,"column":33}},"loc":{"start":{"line":69,"column":40},"end":{"line":62,"column":11}}},"12":{"name":"toggleDrawer","decl":{"start":{"line":72,"column":18},"end":{"line":72,"column":38}},"loc":{"start":{"line":72,"column":47},"end":{"line":62,"column":11}}}},"branchMap":{"0":{"loc":{"start":{"line":11,"column":33},"end":{"line":11,"column":13}},"type":"cond-expr","locations":[{"start":{"line":11,"column":33},"end":{"line":11,"column":13}},{"start":{"line":11,"column":66},"end":{"line":10,"column":11}}]},"1":{"loc":{"start":{"line":12,"column":35},"end":{"line":12,"column":15}},"type":"cond-expr","locations":[{"start":{"line":12,"column":35},"end":{"line":12,"column":15}},{"start":{"line":12,"column":63},"end":{"line":10,"column":11}}]},"2":{"loc":{"start":{"line":39,"column":6},"end":{"line":47,"column":7}},"type":"if","locations":[{"start":{"line":39,"column":6},"end":{"line":47,"column":7}},{"start":{"line":39,"column":6},"end":{"line":47,"column":7}}]}},"s":{"0":0,"1":0,"2":0,"3":0,"4":0,"5":0,"6":0,"7":0,"8":0,"9":0,"10":0,"11":0,"12":0,"13":0,"14":0,"15":0,"16":0,"17":0,"18":0,"19":0,"20":0,"21":0,"22":0,"23":0,"24":0,"25":0,"26":0},"f":{"0":0,"1":0,"2":0,"3":0,"4":0,"5":0,"6":0,"7":0,"8":0,"9":0,"10":0,"11":0,"12":0},"b":{"0":[0,0],"1":[0,0],"2":[0,0]}}
}
