TN:
SF:F:\freeCodeCampWorkSpace\votingappvue\client\src\App.vue
FN:26,data
FN:32,toggleDrawer
FN:36,goHome
FN:41,getPolls
FN:52,mounted
FNF:5
FNH:0
FNDA:0,data
FNDA:0,toggleDrawer
FNDA:0,goHome
FNDA:0,getPolls
FNDA:0,mounted
DA:21,0
DA:22,0
DA:27,0
DA:33,0
DA:34,0
DA:37,0
DA:41,0
DA:43,0
DA:44,0
DA:45,0
DA:46,0
DA:48,0
DA:53,0
LF:13
LH:0
BRDA:41,0,0,0
BRDA:41,0,1,0
BRDA:41,0,2,0
BRDA:41,0,3,0
BRDA:41,0,4,0
BRDA:48,1,0,0
BRDA:48,1,1,0
BRF:7
BRH:0
end_of_record
TN:
SF:F:\freeCodeCampWorkSpace\votingappvue\client\src\analytics.js
FNF:0
FNH:0
DA:1,0
DA:2,0
DA:3,0
DA:5,0
DA:6,0
LF:5
LH:0
BRF:0
BRH:0
end_of_record
TN:
SF:F:\freeCodeCampWorkSpace\votingappvue\client\src\localStorage.js
FN:3,loadUserStorage
FN:12,saveUserStorage
FNF:2
FNH:0
FNDA:0,loadUserStorage
FNDA:0,saveUserStorage
DA:1,0
DA:3,0
DA:4,0
DA:5,0
DA:6,0
DA:8,0
DA:12,0
DA:13,0
DA:14,0
DA:15,0
LF:10
LH:0
BRDA:13,0,0,0
BRDA:13,0,1,0
BRDA:14,1,0,0
BRDA:14,1,1,0
BRDA:16,2,0,0
BRDA:16,2,1,0
BRDA:15,3,0,0
BRDA:15,3,1,0
BRF:8
BRH:0
end_of_record
TN:
SF:F:\freeCodeCampWorkSpace\votingappvue\client\src\components\Header.vue
FN:41,data
FN:44,mounted
FN:48,items
FN:87,get
FN:90,set
FN:96,logout
FNF:6
FNH:0
FNDA:0,data
FNDA:0,mounted
FNDA:0,items
FNDA:0,get
FNDA:0,set
FNDA:0,logout
DA:37,0
DA:42,0
DA:45,0
DA:49,0
DA:50,0
DA:51,0
DA:67,0
DA:88,0
DA:91,0
DA:97,0
DA:98,0
DA:99,0
LF:12
LH:0
BRDA:50,0,0,0
BRDA:50,0,1,0
BRF:2
BRH:0
end_of_record
TN:
SF:F:\freeCodeCampWorkSpace\votingappvue\client\src\components\Login.vue
FN:83,data
FN:87,login
FNF:2
FNH:0
FNDA:0,data
FNDA:0,login
DA:78,0
DA:79,0
DA:84,0
DA:87,0
DA:89,0
DA:90,0
DA:91,0
DA:92,0
DA:93,0
DA:95,0
DA:96,0
DA:97,0
DA:99,0
LF:13
LH:0
BRDA:87,0,0,0
BRDA:87,0,1,0
BRDA:87,0,2,0
BRDA:87,0,3,0
BRDA:87,0,4,0
BRDA:96,1,0,0
BRDA:96,1,1,0
BRDA:97,2,0,0
BRDA:97,2,1,0
BRF:9
BRH:0
end_of_record
TN:
SF:F:\freeCodeCampWorkSpace\votingappvue\client\src\components\Register.vue
FN:70,data
FN:74,register
FN:86,clear
FNF:3
FNH:0
FNDA:0,data
FNDA:0,register
FNDA:0,clear
DA:65,0
DA:66,0
DA:71,0
DA:74,0
DA:76,0
DA:77,0
DA:78,0
DA:79,0
DA:80,0
DA:82,0
DA:83,0
DA:87,0
DA:88,0
LF:13
LH:0
BRDA:74,0,0,0
BRDA:74,0,1,0
BRDA:74,0,2,0
BRDA:74,0,3,0
BRDA:74,0,4,0
BRDA:83,1,0,0
BRDA:83,1,1,0
BRF:7
BRH:0
end_of_record
TN:
SF:F:\freeCodeCampWorkSpace\votingappvue\client\src\components\About\index.js
FN:2,data
FNF:1
FNH:0
FNDA:0,data
DA:1,0
DA:4,0
LF:2
LH:0
BRF:0
BRH:0
end_of_record
TN:
SF:F:\freeCodeCampWorkSpace\votingappvue\client\src\components\poll\AllPolls.js
FN:5,data
FN:12,pollEmpty
FN:12,polls
FN:20,render
FN:27,viewPoll
FN:27,getPolls
FN:39,_callee
FN:5,created
FN:5,mounted
FN:5,updated
FNF:10
FNH:0
FNDA:0,data
FNDA:0,pollEmpty
FNDA:0,polls
FNDA:0,render
FNDA:0,viewPoll
FNDA:0,getPolls
FNDA:0,_callee
FNDA:0,created
FNDA:0,mounted
FNDA:0,updated
DA:1,0
DA:2,0
DA:3,0
DA:5,0
DA:8,0
DA:14,0
DA:17,0
DA:21,0
DA:29,0
DA:30,0
DA:31,0
DA:39,0
DA:41,0
DA:42,0
DA:43,0
DA:44,0
DA:47,0
DA:52,0
DA:55,0
DA:56,0
DA:59,0
LF:21
LH:0
BRDA:14,0,0,0
BRDA:14,0,1,0
BRDA:39,1,0,0
BRDA:39,1,1,0
BRDA:39,1,2,0
BRDA:39,1,3,0
BRDA:39,1,4,0
BRDA:47,2,0,0
BRDA:47,2,1,0
BRF:9
BRH:0
end_of_record
TN:
SF:F:\freeCodeCampWorkSpace\votingappvue\client\src\components\poll\CreatePoll.vue
FN:74,data
FN:78,option
FN:83,createPoll
FN:107,removePoll
FN:111,addPoll
FN:114,(anonymous_9)
FNF:6
FNH:0
FNDA:0,data
FNDA:0,option
FNDA:0,createPoll
FNDA:0,removePoll
FNDA:0,addPoll
FNDA:0,(anonymous_9)
DA:70,0
DA:75,0
DA:79,0
DA:83,0
DA:84,0
DA:88,0
DA:92,0
DA:93,0
DA:94,0
DA:95,0
DA:96,0
DA:99,0
DA:102,0
DA:104,0
DA:105,0
DA:108,0
DA:109,0
DA:112,0
DA:113,0
DA:114,0
DA:115,0
DA:117,0
DA:118,0
DA:120,0
DA:121,0
LF:25
LH:0
BRDA:83,0,0,0
BRDA:83,0,1,0
BRDA:83,0,2,0
BRDA:83,0,3,0
BRDA:83,0,4,0
BRDA:83,0,5,0
BRDA:83,0,6,0
BRDA:83,0,7,0
BRDA:84,1,0,0
BRDA:84,1,1,0
BRDA:83,2,0,0
BRDA:83,2,1,0
BRDA:99,3,0,0
BRDA:99,3,1,0
BRDA:113,4,0,0
BRDA:113,4,1,0
BRDA:117,5,0,0
BRDA:117,5,1,0
BRF:18
BRH:0
end_of_record
TN:
SF:F:\freeCodeCampWorkSpace\votingappvue\client\src\components\poll\Detail.vue
FN:85,data
FN:98,showRemovedBtn
FN:103,mounted
FN:107,newchoice
FN:112,newchoiceSend
FN:117,(anonymous_7)
FN:127,choiceIdByIndex
FN:135,getPoll
FN:145,vote
FN:158,remove
FN:169,fillData
FN:174,(anonymous_19)
FNF:12
FNH:0
FNDA:0,data
FNDA:0,showRemovedBtn
FNDA:0,mounted
FNDA:0,newchoice
FNDA:0,newchoiceSend
FNDA:0,(anonymous_7)
FNDA:0,choiceIdByIndex
FNDA:0,getPoll
FNDA:0,vote
FNDA:0,remove
FNDA:0,fillData
FNDA:0,(anonymous_19)
DA:76,0
DA:77,0
DA:78,0
DA:86,0
DA:99,0
DA:100,0
DA:104,0
DA:108,0
DA:113,0
DA:114,0
DA:115,0
DA:117,0
DA:118,0
DA:120,0
DA:121,0
DA:123,0
DA:128,0
DA:129,0
DA:131,0
DA:133,0
DA:135,0
DA:137,0
DA:138,0
DA:139,0
DA:140,0
DA:142,0
DA:145,0
DA:147,0
DA:148,0
DA:149,0
DA:150,0
DA:151,0
DA:152,0
DA:154,0
DA:158,0
DA:160,0
DA:161,0
DA:162,0
DA:163,0
DA:164,0
DA:166,0
DA:170,0
DA:171,0
DA:172,0
DA:173,0
DA:174,0
DA:175,0
DA:176,0
DA:177,0
DA:179,0
LF:50
LH:0
BRDA:99,0,0,0
BRDA:99,0,1,0
BRDA:114,1,0,0
BRDA:114,1,1,0
BRDA:114,2,0,0
BRDA:114,2,1,0
BRDA:120,3,0,0
BRDA:120,3,1,0
BRDA:135,4,0,0
BRDA:135,4,1,0
BRDA:135,4,2,0
BRDA:135,4,3,0
BRDA:135,4,4,0
BRDA:142,5,0,0
BRDA:142,5,1,0
BRDA:145,6,0,0
BRDA:145,6,1,0
BRDA:145,6,2,0
BRDA:145,6,3,0
BRDA:145,6,4,0
BRDA:154,7,0,0
BRDA:154,7,1,0
BRDA:158,8,0,0
BRDA:158,8,1,0
BRDA:158,8,2,0
BRDA:158,8,3,0
BRDA:158,8,4,0
BRDA:166,9,0,0
BRDA:166,9,1,0
BRDA:170,10,0,0
BRDA:170,10,1,0
BRF:31
BRH:0
end_of_record
TN:
SF:F:\freeCodeCampWorkSpace\votingappvue\client\src\components\poll\List.vue
FN:56,data
FN:60,pollEmpty
FN:65,viewPoll
FN:77,created
FN:80,mounted
FN:83,updated
FNF:6
FNH:0
FNDA:0,data
FNDA:0,pollEmpty
FNDA:0,viewPoll
FNDA:0,created
FNDA:0,mounted
FNDA:0,updated
DA:57,0
DA:61,0
DA:66,0
DA:67,0
DA:68,0
DA:78,0
DA:81,0
DA:84,0
LF:8
LH:0
BRDA:61,0,0,0
BRDA:61,0,1,0
BRF:2
BRH:0
end_of_record
TN:
SF:F:\freeCodeCampWorkSpace\votingappvue\client\src\components\poll\MyPolls.js
FN:5,data
FN:12,pollEmpty
FN:12,polls
FN:20,render
FN:27,viewPoll
FN:27,getPolls
FN:39,_callee
FN:5,created
FN:5,mounted
FN:5,updated
FNF:10
FNH:0
FNDA:0,data
FNDA:0,pollEmpty
FNDA:0,polls
FNDA:0,render
FNDA:0,viewPoll
FNDA:0,getPolls
FNDA:0,_callee
FNDA:0,created
FNDA:0,mounted
FNDA:0,updated
DA:1,0
DA:2,0
DA:3,0
DA:5,0
DA:8,0
DA:14,0
DA:17,0
DA:21,0
DA:29,0
DA:30,0
DA:31,0
DA:39,0
DA:41,0
DA:42,0
DA:43,0
DA:44,0
DA:47,0
DA:52,0
DA:55,0
DA:56,0
DA:59,0
LF:21
LH:0
BRDA:14,0,0,0
BRDA:14,0,1,0
BRDA:39,1,0,0
BRDA:39,1,1,0
BRDA:39,1,2,0
BRDA:39,1,3,0
BRDA:39,1,4,0
BRDA:47,2,0,0
BRDA:47,2,1,0
BRF:9
BRH:0
end_of_record
TN:
SF:F:\freeCodeCampWorkSpace\votingappvue\client\src\components\poll\PieChart.js
FN:10,mounted
FNF:1
FNH:0
FNDA:0,mounted
DA:2,0
DA:13,0
LF:2
LH:0
BRF:0
BRH:0
end_of_record
TN:
SF:F:\freeCodeCampWorkSpace\votingappvue\client\src\services\Api.js
FNF:0
FNH:0
DA:1,0
DA:2,0
DA:5,0
LF:3
LH:0
BRF:0
BRH:0
end_of_record
TN:
SF:F:\freeCodeCampWorkSpace\votingappvue\client\src\services\AuthenticationService.js
FN:4,register
FN:7,login
FNF:2
FNH:0
FNDA:0,register
FNDA:0,login
DA:1,0
DA:5,0
DA:8,0
LF:3
LH:0
BRF:0
BRH:0
end_of_record
TN:
SF:F:\freeCodeCampWorkSpace\votingappvue\client\src\services\PollService.js
FN:4,createPoll
FN:7,mypolls
FN:11,list
FN:14,pollDetail
FN:17,vote
FN:24,remove
FNF:6
FNH:0
FNDA:0,createPoll
FNDA:0,mypolls
FNDA:0,list
FNDA:0,pollDetail
FNDA:0,vote
FNDA:0,remove
DA:1,0
DA:5,0
DA:8,0
DA:12,0
DA:15,0
DA:18,0
DA:25,0
LF:7
LH:0
BRF:0
BRH:0
end_of_record
TN:
SF:F:\freeCodeCampWorkSpace\votingappvue\client\src\store\store.js
FN:22,getPolls
FN:22,getMyPolls
FN:22,getToken
FN:22,getIdUser
FN:38,setUser
FN:49,setPolls
FN:51,(anonymous_7)
FN:55,setMyPolls
FN:58,toggleDrawer
FN:63,setMyPolls
FN:66,setPolls
FN:69,setUser
FN:72,toggleDrawer
FNF:13
FNH:0
FNDA:0,getPolls
FNDA:0,getMyPolls
FNDA:0,getToken
FNDA:0,getIdUser
FNDA:0,setUser
FNDA:0,setPolls
FNDA:0,(anonymous_7)
FNDA:0,setMyPolls
FNDA:0,toggleDrawer
FNDA:0,setMyPolls
FNDA:0,setPolls
FNDA:0,setUser
FNDA:0,toggleDrawer
DA:1,0
DA:2,0
DA:3,0
DA:24,0
DA:27,0
DA:30,0
DA:33,0
DA:39,0
DA:40,0
DA:41,0
DA:42,0
DA:44,0
DA:45,0
DA:46,0
DA:50,0
DA:51,0
DA:52,0
DA:56,0
DA:59,0
DA:63,0
DA:64,0
DA:66,0
DA:67,0
DA:69,0
DA:70,0
DA:72,0
DA:73,0
LF:27
LH:0
BRDA:11,0,0,0
BRDA:11,0,1,0
BRDA:12,1,0,0
BRDA:12,1,1,0
BRDA:39,2,0,0
BRDA:39,2,1,0
BRF:6
BRH:0
end_of_record
